c:\workspace\tcphound\tcphound\x64\debug\tcphound.pch
c:\workspace\tcphound\tcphound\x64\debug\vc142.pdb
c:\workspace\tcphound\tcphound\x64\debug\vc142.idb
c:\workspace\tcphound\tcphound\x64\debug\stdafx.obj
c:\workspace\tcphound\tcphound\x64\debug\tcphound.obj
c:\workspace\tcphound\tcphound\x64\debug\sha256.obj
c:\workspace\tcphound\tcphound\x64\debug\getas.obj
c:\workspace\tcphound\x64\debug\tcphound.ilk
c:\workspace\tcphound\x64\debug\tcphound.exe
c:\workspace\tcphound\x64\debug\tcphound.pdb
c:\workspace\tcphound\tcphound\x64\debug\tcphound.res
c:\workspace\tcphound\tcphound\x64\debug\tcphound.tlog\cl.command.1.tlog
c:\workspace\tcphound\tcphound\x64\debug\tcphound.tlog\cl.read.1.tlog
c:\workspace\tcphound\tcphound\x64\debug\tcphound.tlog\cl.write.1.tlog
c:\workspace\tcphound\tcphound\x64\debug\tcphound.tlog\link.command.1.tlog
c:\workspace\tcphound\tcphound\x64\debug\tcphound.tlog\link.read.1.tlog
c:\workspace\tcphound\tcphound\x64\debug\tcphound.tlog\link.write.1.tlog
c:\workspace\tcphound\tcphound\x64\debug\tcphound.tlog\rc.command.1.tlog
c:\workspace\tcphound\tcphound\x64\debug\tcphound.tlog\rc.read.1.tlog
c:\workspace\tcphound\tcphound\x64\debug\tcphound.tlog\rc.write.1.tlog
