c:\workspace\tcphound\tcphound\release\tcphound.pch
c:\workspace\tcphound\tcphound\release\vc142.pdb
c:\workspace\tcphound\tcphound\release\stdafx.obj
c:\workspace\tcphound\tcphound\release\tcphound.obj
c:\workspace\tcphound\tcphound\release\sha256.obj
c:\workspace\tcphound\tcphound\release\getas.obj
c:\workspace\tcphound\release\tcphound.exe
c:\workspace\tcphound\tcphound\release\tcphound.res
c:\workspace\tcphound\release\tcphound.ipdb
c:\workspace\tcphound\release\tcphound.iobj
c:\workspace\tcphound\tcphound\release\tcphound.tlog\cl.command.1.tlog
c:\workspace\tcphound\tcphound\release\tcphound.tlog\cl.read.1.tlog
c:\workspace\tcphound\tcphound\release\tcphound.tlog\cl.write.1.tlog
c:\workspace\tcphound\tcphound\release\tcphound.tlog\link.command.1.tlog
c:\workspace\tcphound\tcphound\release\tcphound.tlog\link.read.1.tlog
c:\workspace\tcphound\tcphound\release\tcphound.tlog\link.write.1.tlog
c:\workspace\tcphound\tcphound\release\tcphound.tlog\rc.command.1.tlog
c:\workspace\tcphound\tcphound\release\tcphound.tlog\rc.read.1.tlog
c:\workspace\tcphound\tcphound\release\tcphound.tlog\rc.write.1.tlog
c:\workspace\tcphound\tcphound\release\tcphound.tlog\tcphound.write.1u.tlog
